<?xml version="1.0" encoding="UTF-8"?>
<!-- Generated by org.testng.reporters.JUnitReportReporter -->
<testsuite hostname="LAPTOP-GK02EC8N" failures="0" tests="1" name="Task.Task.FlipkartTest" time="8.783" errors="0" timestamp="2024-03-22T18:48:27 IST" skipped="0">
  <testcase classname="Task.Task.FlipkartTest" name="OpenFlipcard" time="8.783"/>
</testsuite> <!-- Task.Task.FlipkartTest -->
