<?xml version="1.0" encoding="UTF-8"?>
<!-- Generated by org.testng.reporters.JUnitReportReporter -->
<testsuite hostname="LAPTOP-GK02EC8N" failures="0" tests="1" name="Task.Task.FlipkartTest" time="9.732" errors="0" timestamp="2024-03-29T00:24:57 IST" skipped="0">
  <testcase classname="Task.Task.FlipkartTest" name="OpenFlipcard" time="9.732"/>
</testsuite> <!-- Task.Task.FlipkartTest -->
